<?xml version="1.0" encoding="UTF-8"?>
<testng-results ignored="0" total="2" passed="2" failed="0" skipped="0">
  <reporter-output>
  </reporter-output>
  <suite started-at="2019-08-23T10:23:27Z" name="Default suite" finished-at="2019-08-23T10:23:45Z" duration-ms="17995">
    <groups>
    </groups>
    <test started-at="2019-08-23T10:23:27Z" name="Default test" finished-at="2019-08-23T10:23:45Z" duration-ms="17995">
      <class name="com.qa.pagestest.HomePageTest">
        <test-method is-config="true" signature="home_setup()[pri:0, instance:com.qa.pagestest.HomePageTest@77f1baf5]" started-at="2019-08-23T10:23:27Z" name="home_setup" finished-at="2019-08-23T10:23:35Z" duration-ms="7331" status="PASS">
          <reporter-output>
          </reporter-output>
        </test-method> <!-- home_setup -->
        <test-method signature="homepage_test()[pri:1, instance:com.qa.pagestest.HomePageTest@77f1baf5]" started-at="2019-08-23T10:23:35Z" name="homepage_test" finished-at="2019-08-23T10:23:35Z" duration-ms="500" status="PASS">
          <reporter-output>
          </reporter-output>
        </test-method> <!-- homepage_test -->
        <test-method is-config="true" signature="home_setup()[pri:0, instance:com.qa.pagestest.HomePageTest@77f1baf5]" started-at="2019-08-23T10:23:35Z" name="home_setup" finished-at="2019-08-23T10:23:42Z" duration-ms="6788" status="PASS">
          <reporter-output>
          </reporter-output>
        </test-method> <!-- home_setup -->
        <test-method signature="clickcontact_test()[pri:2, instance:com.qa.pagestest.HomePageTest@77f1baf5]" started-at="2019-08-23T10:23:42Z" name="clickcontact_test" finished-at="2019-08-23T10:23:45Z" duration-ms="3314" status="PASS">
          <reporter-output>
          </reporter-output>
        </test-method> <!-- clickcontact_test -->
      </class> <!-- com.qa.pagestest.HomePageTest -->
    </test> <!-- Default test -->
  </suite> <!-- Default suite -->
</testng-results>
