<?xml version="1.0" encoding="UTF-8"?>
<testng-results ignored="0" total="1" passed="1" failed="0" skipped="0">
  <reporter-output>
  </reporter-output>
  <suite started-at="2019-09-06T11:17:09Z" name="PageObjectModel" finished-at="2019-09-06T11:17:09Z" duration-ms="602">
    <groups>
    </groups>
    <test started-at="2019-09-06T11:17:09Z" name="testngTest" finished-at="2019-09-06T11:17:09Z" duration-ms="602">
      <class name="com.qa.pagestest.PagesTest">
        <test-method is-config="true" signature="login_setup()[pri:0, instance:com.qa.pagestest.PagesTest@7fcbe147]" started-at="2019-09-06T11:17:09Z" name="login_setup" finished-at="2019-09-06T11:17:09Z" duration-ms="6" status="PASS">
          <reporter-output>
          </reporter-output>
        </test-method> <!-- login_setup -->
        <test-method signature="login_Test()[pri:0, instance:com.qa.pagestest.PagesTest@7fcbe147]" started-at="2019-09-06T11:17:09Z" name="login_Test" finished-at="2019-09-06T11:17:09Z" duration-ms="451" status="PASS">
          <reporter-output>
          </reporter-output>
        </test-method> <!-- login_Test -->
        <test-method is-config="true" signature="quit_driver()[pri:0, instance:com.qa.pagestest.PagesTest@7fcbe147]" started-at="2019-09-06T11:17:09Z" name="quit_driver" finished-at="2019-09-06T11:17:09Z" duration-ms="117" status="PASS">
          <reporter-output>
          </reporter-output>
        </test-method> <!-- quit_driver -->
      </class> <!-- com.qa.pagestest.PagesTest -->
    </test> <!-- testngTest -->
  </suite> <!-- PageObjectModel -->
</testng-results>
